<?xml version="1.0" encoding="UTF-8"?>
<!-- Generated by org.testng.reporters.JUnitXMLReporter -->
<testsuite hostname="EPRURYAW0533" ignored="0" name="Test" tests="99" failures="0" timestamp="09 Apr 2017 15:27:42 GMT" time="276.812" errors="0">
  <testcase name="checkSearchYandexTest" time="9.383" classname="com.github.senin24.selenidegridpoc.test.YandexSelenideTest"/>
  <testcase name="checkSearchYandexTest" time="9.387" classname="com.github.senin24.selenidegridpoc.test.YandexSelenideTest"/>
  <testcase name="checkSearchYandexTest" time="8.723" classname="com.github.senin24.selenidegridpoc.test.YandexSelenideTest"/>
  <testcase name="checkSearchYandexTest" time="9.299" classname="com.github.senin24.selenidegridpoc.test.YandexSelenideTest"/>
  <testcase name="checkSearchYandexTest" time="10.679" classname="com.github.senin24.selenidegridpoc.test.YandexSelenideTest"/>
  <testcase name="checkSearchYandexTest" time="8.136" classname="com.github.senin24.selenidegridpoc.test.YandexSelenideTest"/>
  <testcase name="checkSearchYandexTest" time="8.988" classname="com.github.senin24.selenidegridpoc.test.YandexSelenideTest"/>
  <testcase name="checkSearchYandexTest" time="8.512" classname="com.github.senin24.selenidegridpoc.test.YandexSelenideTest"/>
  <testcase name="checkSearchYandexTest" time="8.952" classname="com.github.senin24.selenidegridpoc.test.YandexSelenideTest"/>
  <testcase name="checkSearchYandexTest" time="12.646" classname="com.github.senin24.selenidegridpoc.test.YandexSelenideTest"/>
  <testcase name="checkSearchYandexTest" time="8.624" classname="com.github.senin24.selenidegridpoc.test.YandexSelenideTest"/>
  <testcase name="checkSearchYandexTest" time="8.182" classname="com.github.senin24.selenidegridpoc.test.YandexSelenideTest"/>
  <testcase name="checkSearchYandexTest" time="9.561" classname="com.github.senin24.selenidegridpoc.test.YandexSelenideTest"/>
  <testcase name="checkSearchYandexTest" time="9.276" classname="com.github.senin24.selenidegridpoc.test.YandexSelenideTest"/>
  <testcase name="checkSearchYandexTest" time="8.784" classname="com.github.senin24.selenidegridpoc.test.YandexSelenideTest"/>
  <testcase name="checkSearchYandexTest" time="7.871" classname="com.github.senin24.selenidegridpoc.test.YandexSelenideTest"/>
  <testcase name="checkSearchYandexTest" time="8.762" classname="com.github.senin24.selenidegridpoc.test.YandexSelenideTest"/>
  <testcase name="checkSearchYandexTest" time="8.463" classname="com.github.senin24.selenidegridpoc.test.YandexSelenideTest"/>
  <testcase name="checkSearchYandexTest" time="9.496" classname="com.github.senin24.selenidegridpoc.test.YandexSelenideTest"/>
  <testcase name="checkSearchYandexTest" time="7.761" classname="com.github.senin24.selenidegridpoc.test.YandexSelenideTest"/>
  <testcase name="checkSearchYandexTest" time="7.677" classname="com.github.senin24.selenidegridpoc.test.YandexSelenideTest"/>
  <testcase name="checkSearchYandexTest" time="7.684" classname="com.github.senin24.selenidegridpoc.test.YandexSelenideTest"/>
  <testcase name="checkSearchYandexTest" time="9.244" classname="com.github.senin24.selenidegridpoc.test.YandexSelenideTest"/>
  <testcase name="checkSearchYandexTest" time="8.436" classname="com.github.senin24.selenidegridpoc.test.YandexSelenideTest"/>
  <testcase name="checkSearchYandexTest" time="9.115" classname="com.github.senin24.selenidegridpoc.test.YandexSelenideTest"/>
  <testcase name="checkSearchYandexTest" time="7.795" classname="com.github.senin24.selenidegridpoc.test.YandexSelenideTest"/>
  <testcase name="checkSearchYandexTest" time="8.027" classname="com.github.senin24.selenidegridpoc.test.YandexSelenideTest"/>
  <testcase name="checkSearchYandexTest" time="8.628" classname="com.github.senin24.selenidegridpoc.test.YandexSelenideTest"/>
  <testcase name="checkSearchYandexTest" time="9.082" classname="com.github.senin24.selenidegridpoc.test.YandexSelenideTest"/>
  <testcase name="checkSearchYandexTest" time="9.475" classname="com.github.senin24.selenidegridpoc.test.YandexSelenideTest"/>
  <testcase name="checkSearchYandexTest" time="9.009" classname="com.github.senin24.selenidegridpoc.test.YandexSelenideTest"/>
  <testcase name="checkSearchYandexTest" time="8.689" classname="com.github.senin24.selenidegridpoc.test.YandexSelenideTest"/>
  <testcase name="checkSearchYandexTest" time="7.352" classname="com.github.senin24.selenidegridpoc.test.YandexSelenideTest"/>
  <testcase name="checkSearchYandexTest" time="8.252" classname="com.github.senin24.selenidegridpoc.test.YandexSelenideTest"/>
  <testcase name="checkSearchYandexTest" time="8.88" classname="com.github.senin24.selenidegridpoc.test.YandexSelenideTest"/>
  <testcase name="checkSearchYandexTest" time="8.489" classname="com.github.senin24.selenidegridpoc.test.YandexSelenideTest"/>
  <testcase name="checkSearchYandexTest" time="9.348" classname="com.github.senin24.selenidegridpoc.test.YandexSelenideTest"/>
  <testcase name="checkSearchYandexTest" time="8.868" classname="com.github.senin24.selenidegridpoc.test.YandexSelenideTest"/>
  <testcase name="checkSearchYandexTest" time="8.717" classname="com.github.senin24.selenidegridpoc.test.YandexSelenideTest"/>
  <testcase name="checkSearchYandexTest" time="8.54" classname="com.github.senin24.selenidegridpoc.test.YandexSelenideTest"/>
  <testcase name="checkSearchYandexTest" time="8.615" classname="com.github.senin24.selenidegridpoc.test.YandexSelenideTest"/>
  <testcase name="checkSearchYandexTest" time="8.954" classname="com.github.senin24.selenidegridpoc.test.YandexSelenideTest"/>
  <testcase name="checkSearchYandexTest" time="8.157" classname="com.github.senin24.selenidegridpoc.test.YandexSelenideTest"/>
  <testcase name="checkSearchYandexTest" time="8.358" classname="com.github.senin24.selenidegridpoc.test.YandexSelenideTest"/>
  <testcase name="checkSearchYandexTest" time="8.789" classname="com.github.senin24.selenidegridpoc.test.YandexSelenideTest"/>
  <testcase name="checkSearchYandexTest" time="7.966" classname="com.github.senin24.selenidegridpoc.test.YandexSelenideTest"/>
  <testcase name="checkSearchYandexTest" time="9.11" classname="com.github.senin24.selenidegridpoc.test.YandexSelenideTest"/>
  <testcase name="checkSearchYandexTest" time="8.155" classname="com.github.senin24.selenidegridpoc.test.YandexSelenideTest"/>
  <testcase name="checkSearchYandexTest" time="8.948" classname="com.github.senin24.selenidegridpoc.test.YandexSelenideTest"/>
  <testcase name="checkSearchYandexTest" time="9.674" classname="com.github.senin24.selenidegridpoc.test.YandexSelenideTest"/>
  <testcase name="checkSearchYandexTest" time="8.871" classname="com.github.senin24.selenidegridpoc.test.YandexSelenideTest"/>
  <testcase name="checkSearchYandexTest" time="9.19" classname="com.github.senin24.selenidegridpoc.test.YandexSelenideTest"/>
  <testcase name="checkSearchYandexTest" time="8.919" classname="com.github.senin24.selenidegridpoc.test.YandexSelenideTest"/>
  <testcase name="checkSearchYandexTest" time="9.048" classname="com.github.senin24.selenidegridpoc.test.YandexSelenideTest"/>
  <testcase name="checkSearchYandexTest" time="9.622" classname="com.github.senin24.selenidegridpoc.test.YandexSelenideTest"/>
  <testcase name="checkSearchYandexTest" time="10.035" classname="com.github.senin24.selenidegridpoc.test.YandexSelenideTest"/>
  <testcase name="checkSearchYandexTest" time="9.519" classname="com.github.senin24.selenidegridpoc.test.YandexSelenideTest"/>
  <testcase name="checkSearchYandexTest" time="9.241" classname="com.github.senin24.selenidegridpoc.test.YandexSelenideTest"/>
  <testcase name="checkSearchYandexTest" time="10.052" classname="com.github.senin24.selenidegridpoc.test.YandexSelenideTest"/>
  <testcase name="checkSearchYandexTest" time="11.184" classname="com.github.senin24.selenidegridpoc.test.YandexSelenideTest"/>
  <testcase name="checkSearchYandexTest" time="10.832" classname="com.github.senin24.selenidegridpoc.test.YandexSelenideTest"/>
  <testcase name="checkSearchYandexTest" time="11.491" classname="com.github.senin24.selenidegridpoc.test.YandexSelenideTest"/>
  <testcase name="checkSearchYandexTest" time="9.344" classname="com.github.senin24.selenidegridpoc.test.YandexSelenideTest"/>
  <testcase name="checkSearchYandexTest" time="8.117" classname="com.github.senin24.selenidegridpoc.test.YandexSelenideTest"/>
  <testcase name="checkSearchYandexTest" time="8.138" classname="com.github.senin24.selenidegridpoc.test.YandexSelenideTest"/>
  <testcase name="checkSearchYandexTest" time="9.184" classname="com.github.senin24.selenidegridpoc.test.YandexSelenideTest"/>
  <testcase name="checkSearchYandexTest" time="8.32" classname="com.github.senin24.selenidegridpoc.test.YandexSelenideTest"/>
  <testcase name="checkSearchYandexTest" time="9.244" classname="com.github.senin24.selenidegridpoc.test.YandexSelenideTest"/>
  <testcase name="checkSearchYandexTest" time="8.294" classname="com.github.senin24.selenidegridpoc.test.YandexSelenideTest"/>
  <testcase name="checkSearchYandexTest" time="8.048" classname="com.github.senin24.selenidegridpoc.test.YandexSelenideTest"/>
  <testcase name="checkSearchYandexTest" time="9.88" classname="com.github.senin24.selenidegridpoc.test.YandexSelenideTest"/>
  <testcase name="checkSearchYandexTest" time="9.149" classname="com.github.senin24.selenidegridpoc.test.YandexSelenideTest"/>
  <testcase name="checkSearchYandexTest" time="8.725" classname="com.github.senin24.selenidegridpoc.test.YandexSelenideTest"/>
  <testcase name="checkSearchYandexTest" time="8.375" classname="com.github.senin24.selenidegridpoc.test.YandexSelenideTest"/>
  <testcase name="checkSearchYandexTest" time="8.114" classname="com.github.senin24.selenidegridpoc.test.YandexSelenideTest"/>
  <testcase name="checkSearchYandexTest" time="7.687" classname="com.github.senin24.selenidegridpoc.test.YandexSelenideTest"/>
  <testcase name="checkSearchYandexTest" time="8.207" classname="com.github.senin24.selenidegridpoc.test.YandexSelenideTest"/>
  <testcase name="checkSearchYandexTest" time="7.593" classname="com.github.senin24.selenidegridpoc.test.YandexSelenideTest"/>
  <testcase name="checkSearchYandexTest" time="12.13" classname="com.github.senin24.selenidegridpoc.test.YandexSelenideTest"/>
  <testcase name="checkSearchYandexTest" time="8.035" classname="com.github.senin24.selenidegridpoc.test.YandexSelenideTest"/>
  <testcase name="checkSearchYandexTest" time="8.508" classname="com.github.senin24.selenidegridpoc.test.YandexSelenideTest"/>
  <testcase name="checkSearchYandexTest" time="7.445" classname="com.github.senin24.selenidegridpoc.test.YandexSelenideTest"/>
  <testcase name="checkSearchYandexTest" time="8.777" classname="com.github.senin24.selenidegridpoc.test.YandexSelenideTest"/>
  <testcase name="checkSearchYandexTest" time="8.203" classname="com.github.senin24.selenidegridpoc.test.YandexSelenideTest"/>
  <testcase name="checkSearchYandexTest" time="8.181" classname="com.github.senin24.selenidegridpoc.test.YandexSelenideTest"/>
  <testcase name="checkSearchYandexTest" time="7.321" classname="com.github.senin24.selenidegridpoc.test.YandexSelenideTest"/>
  <testcase name="checkSearchYandexTest" time="8.429" classname="com.github.senin24.selenidegridpoc.test.YandexSelenideTest"/>
  <testcase name="checkSearchYandexTest" time="9.707" classname="com.github.senin24.selenidegridpoc.test.YandexSelenideTest"/>
  <testcase name="checkSearchYandexTest" time="8.07" classname="com.github.senin24.selenidegridpoc.test.YandexSelenideTest"/>
  <testcase name="checkSearchYandexTest" time="8.457" classname="com.github.senin24.selenidegridpoc.test.YandexSelenideTest"/>
  <testcase name="checkSearchYandexTest" time="7.807" classname="com.github.senin24.selenidegridpoc.test.YandexSelenideTest"/>
  <testcase name="checkSearchYandexTest" time="8.806" classname="com.github.senin24.selenidegridpoc.test.YandexSelenideTest"/>
  <testcase name="checkSearchYandexTest" time="9.249" classname="com.github.senin24.selenidegridpoc.test.YandexSelenideTest"/>
  <testcase name="checkSearchYandexTest" time="8.66" classname="com.github.senin24.selenidegridpoc.test.YandexSelenideTest"/>
  <testcase name="checkSearchYandexTest" time="7.909" classname="com.github.senin24.selenidegridpoc.test.YandexSelenideTest"/>
  <testcase name="checkSearchYandexTest" time="7.379" classname="com.github.senin24.selenidegridpoc.test.YandexSelenideTest"/>
  <testcase name="checkSearchYandexTest" time="6.043" classname="com.github.senin24.selenidegridpoc.test.YandexSelenideTest"/>
  <testcase name="checkSearchYandexTest" time="6.911" classname="com.github.senin24.selenidegridpoc.test.YandexSelenideTest"/>
  <testcase name="checkSearchYandexTest" time="6.378" classname="com.github.senin24.selenidegridpoc.test.YandexSelenideTest"/>
</testsuite> <!-- Test -->
